TN:
SF:src/auth/auth.controller.ts
FN:16,(anonymous_4)
FN:20,(anonymous_5)
FNF:2
FNH:2
FNDA:3,(anonymous_4)
FNDA:2,(anonymous_5)
DA:1,3
DA:8,3
DA:9,3
DA:10,3
DA:12,3
DA:15,3
DA:16,3
DA:20,3
DA:24,2
LF:9
LH:9
BRF:0
BRH:0
end_of_record
TN:
SF:src/auth/auth.module.ts
FN:20,(anonymous_1)
FNF:1
FNH:1
FNDA:3,(anonymous_1)
DA:1,3
DA:2,3
DA:3,3
DA:4,3
DA:5,3
DA:6,3
DA:7,3
DA:8,3
DA:9,3
DA:10,3
DA:20,3
DA:35,3
LF:12
LH:12
BRF:0
BRH:0
end_of_record
TN:
SF:src/auth/auth.service.ts
FN:12,(anonymous_4)
FN:19,(anonymous_5)
FN:23,(anonymous_6)
FN:29,(anonymous_7)
FNF:4
FNH:4
FNDA:3,(anonymous_4)
FNDA:2,(anonymous_5)
FNDA:2,(anonymous_6)
FNDA:2,(anonymous_7)
DA:1,3
DA:3,3
DA:4,3
DA:5,3
DA:6,3
DA:7,3
DA:10,3
DA:11,3
DA:13,3
DA:16,3
DA:20,2
DA:24,2
DA:30,2
DA:40,2
DA:41,1
DA:47,1
DA:48,1
DA:54,1
DA:67,1
LF:19
LH:19
BRDA:33,0,0,0
BRDA:33,0,1,2
BRDA:33,1,0,2
BRDA:33,1,1,2
BRDA:36,2,0,0
BRDA:36,2,1,2
BRDA:36,3,0,2
BRDA:36,3,1,2
BRDA:40,4,0,1
BRDA:58,5,0,1
BRDA:58,5,1,0
BRDA:58,6,0,0
BRDA:58,6,1,1
BRDA:58,7,0,1
BRDA:58,7,1,1
BRDA:62,8,0,1
BRDA:62,8,1,0
BRDA:62,9,0,0
BRDA:62,9,1,1
BRDA:62,10,0,1
BRDA:62,10,1,1
BRF:21
BRH:15
end_of_record
TN:
SF:src/user-management/user-management.controller.ts
FN:21,(anonymous_4)
FN:24,(anonymous_5)
FN:29,(anonymous_6)
FN:34,(anonymous_7)
FNF:4
FNH:4
FNDA:3,(anonymous_4)
FNDA:1,(anonymous_5)
FNDA:1,(anonymous_6)
FNDA:1,(anonymous_7)
DA:1,3
DA:9,3
DA:10,3
DA:11,3
DA:12,3
DA:15,3
DA:20,3
DA:21,3
DA:24,3
DA:25,1
DA:29,3
DA:30,1
DA:34,3
DA:35,1
LF:14
LH:14
BRF:0
BRH:0
end_of_record
TN:
SF:src/user-management/user-management.module.ts
FN:17,(anonymous_1)
FN:18,(anonymous_2)
FNF:2
FNH:2
FNDA:9,(anonymous_1)
FNDA:9,(anonymous_2)
DA:1,3
DA:2,3
DA:3,3
DA:4,3
DA:5,3
DA:6,3
DA:7,3
DA:8,3
DA:9,3
DA:17,9
DA:18,9
DA:24,3
LF:12
LH:12
BRF:0
BRH:0
end_of_record
TN:
SF:src/user-management/entities/user.entity.ts
FNF:0
FNH:0
DA:1,3
DA:10,3
DA:16,3
DA:18,3
DA:21,3
DA:24,3
DA:27,3
DA:31,3
DA:34,3
DA:37,3
DA:40,3
DA:43,3
DA:46,3
DA:49,3
DA:52,3
DA:55,3
LF:16
LH:16
BRF:0
BRH:0
end_of_record
TN:
SF:src/user-management/services/user.service.ts
FN:12,(anonymous_4)
FN:20,(anonymous_5)
FN:38,(anonymous_6)
FN:56,(anonymous_7)
FN:71,(anonymous_8)
FN:86,(anonymous_9)
FNF:6
FNH:4
FNDA:3,(anonymous_4)
FNDA:0,(anonymous_5)
FNDA:0,(anonymous_6)
FNDA:1,(anonymous_7)
FNDA:1,(anonymous_8)
FNDA:1,(anonymous_9)
DA:1,3
DA:2,3
DA:3,3
DA:4,3
DA:6,3
DA:7,3
DA:10,3
DA:11,3
DA:14,3
DA:17,3
DA:22,0
DA:26,0
DA:32,0
DA:33,0
DA:36,0
DA:37,0
DA:38,0
DA:39,0
DA:40,0
DA:47,0
DA:49,0
DA:50,0
DA:53,0
DA:57,1
DA:59,1
DA:60,1
DA:65,1
DA:72,1
DA:74,1
DA:75,1
DA:80,1
DA:87,1
DA:94,1
DA:96,1
DA:97,1
DA:98,1
DA:100,1
DA:102,1
LF:38
LH:25
BRDA:22,0,0,0
BRDA:22,0,1,0
BRDA:22,1,0,0
BRDA:22,1,1,0
BRDA:22,2,0,0
BRDA:22,2,1,0
BRDA:24,3,0,0
BRDA:24,3,1,0
BRDA:24,4,0,0
BRDA:24,4,1,0
BRDA:32,5,0,0
BRDA:32,6,0,0
BRDA:32,6,1,0
BRDA:32,7,0,0
BRDA:32,7,1,0
BRDA:36,8,0,0
BRDA:36,9,0,0
BRDA:36,9,1,0
BRDA:36,10,0,0
BRDA:36,10,1,0
BRDA:42,11,0,0
BRDA:42,11,1,0
BRDA:49,12,0,0
BRDA:59,13,0,1
BRDA:59,14,0,0
BRDA:59,14,1,1
BRDA:59,15,0,1
BRDA:59,15,1,1
BRDA:74,16,0,1
BRDA:74,17,0,0
BRDA:74,17,1,1
BRDA:74,18,0,1
BRDA:74,18,1,1
BRDA:96,19,0,1
BRDA:96,20,0,0
BRDA:96,20,1,1
BRDA:96,21,0,1
BRDA:96,21,1,1
BRDA:98,22,0,0
BRDA:98,22,1,1
BRDA:98,23,0,1
BRDA:98,23,1,1
BRF:42
BRH:15
end_of_record
